1595609688125	mozrunner::runner	INFO	Running command: "C:\\Program Files\\Mozilla Firefox\\firefox.exe" "-marionette" "-foreground" "-no-remote" "-profile" "C:\\Users\\arshl\\AppData\\Local\\Temp\\rust_mozprofileEvRaBx"
JavaScript error: resource://gre/modules/XULStore.jsm, line 66: Error: Can't find profile directory.
1595609689734	Marionette	INFO	Listening on port 51949
1595609690170	Marionette	WARN	TLS certificate errors will be ignored for this session
console.error: "Store does not have a valid reducer. Make sure the argument passed to combineReducers is an object whose values are reducers."
1595609723710	Marionette	INFO	Stopped listening on port 51949

###!!! [Child][MessageChannel::SendAndWait] Error: Channel error: cannot send/recv

1595609729103	mozrunner::runner	INFO	Running command: "C:\\Program Files\\Mozilla Firefox\\firefox.exe" "-marionette" "-foreground" "-no-remote" "-profile" "C:\\Users\\arshl\\AppData\\Local\\Temp\\rust_mozprofileNeNxIp"
JavaScript error: resource://gre/modules/XULStore.jsm, line 66: Error: Can't find profile directory.
1595609730373	Marionette	INFO	Listening on port 52087
1595609730647	Marionette	WARN	TLS certificate errors will be ignored for this session
console.error: "Store does not have a valid reducer. Make sure the argument passed to combineReducers is an object whose values are reducers."
console.error: (new TypeError("parent is null", "resource://devtools/client/inspector/shared/style-change-tracker.js", 67))
TypeError: parent is null: canMutationImpactCurrentStyles@resource://devtools/client/inspector/shared/style-change-tracker.js:67:24
onMutations@resource://devtools/client/inspector/shared/style-change-tracker.js:84:41
_emit@resource://devtools/shared/event-emitter.js:226:34
emit@resource://devtools/shared/event-emitter.js:172:18
emit@resource://devtools/shared/event-emitter.js:324:18
getMutations@resource://devtools/client/fronts/walker.js:409:10

console.error: (new TypeError("container.node.targetFront is null", "resource://devtools/client/inspector/markup/markup.js", 2245))
console.warn: "Failed to enumerate localStorage for host https://vars.hotjar.com: SecurityError: The operation is insecure."
console.warn: "Failed to enumerate localStorage for host https://s.amazon-adsystem.com: SecurityError: The operation is insecure."
console.warn: "Failed to enumerate localStorage for host https://77423be11b92a897ccfb23467cc94020.safeframe.googlesyndication.com: SecurityError: The operation is insecure."
console.warn: "Failed to enumerate CacheStorage for host https://vars.hotjar.com: SecurityError: The operation is insecure."
console.warn: "Failed to enumerate CacheStorage for host https://s.amazon-adsystem.com: SecurityError: The operation is insecure."
console.warn: "Failed to enumerate CacheStorage for host https://77423be11b92a897ccfb23467cc94020.safeframe.googlesyndication.com: SecurityError: The operation is insecure."
Extension error: SecurityError: Permission denied to access property "document" on cross-origin object undefined 153
[[Exception stack
activate@moz-extension://ed1d0046-5690-424b-988d-6558e841f0f0/inspect.js:153:9
setOptions@moz-extension://ed1d0046-5690-424b-988d-6558e841f0f0/inspect.js:61:12
Current stack
applySafeWithoutClone@resource://gre/modules/ExtensionCommon.jsm:620:13
applySafe@resource://gre/modules/ExtensionCommon.jsm:597:19
wrapPromise/<@resource://gre/modules/ExtensionCommon.jsm:827:22
]]
Extension error: SecurityError: Permission denied to access property "document" on cross-origin object undefined 153
[[Exception stack
activate@moz-extension://ed1d0046-5690-424b-988d-6558e841f0f0/inspect.js:153:9
setOptions@moz-extension://ed1d0046-5690-424b-988d-6558e841f0f0/inspect.js:61:12
Current stack
applySafeWithoutClone@resource://gre/modules/ExtensionCommon.jsm:620:13
applySafe@resource://gre/modules/ExtensionCommon.jsm:597:19
wrapPromise/<@resource://gre/modules/ExtensionCommon.jsm:827:22
]]
Extension error: SecurityError: Permission denied to access property "document" on cross-origin object undefined 153
[[Exception stack
activate@moz-extension://ed1d0046-5690-424b-988d-6558e841f0f0/inspect.js:153:9
setOptions@moz-extension://ed1d0046-5690-424b-988d-6558e841f0f0/inspect.js:61:12
Current stack
applySafeWithoutClone@resource://gre/modules/ExtensionCommon.jsm:620:13
applySafe@resource://gre/modules/ExtensionCommon.jsm:597:19
wrapPromise/<@resource://gre/modules/ExtensionCommon.jsm:827:22
]]
Extension error: SecurityError: Permission denied to access property "document" on cross-origin object undefined 153
[[Exception stack
activate@moz-extension://ed1d0046-5690-424b-988d-6558e841f0f0/inspect.js:153:9
setOptions@moz-extension://ed1d0046-5690-424b-988d-6558e841f0f0/inspect.js:61:12
Current stack
applySafeWithoutClone@resource://gre/modules/ExtensionCommon.jsm:620:13
applySafe@resource://gre/modules/ExtensionCommon.jsm:597:19
wrapPromise/<@resource://gre/modules/ExtensionCommon.jsm:827:22
]]
Extension error: SecurityError: Permission denied to access property "document" on cross-origin object undefined 153
[[Exception stack
activate@moz-extension://ed1d0046-5690-424b-988d-6558e841f0f0/inspect.js:153:9
setOptions@moz-extension://ed1d0046-5690-424b-988d-6558e841f0f0/inspect.js:61:12
Current stack
applySafeWithoutClone@resource://gre/modules/ExtensionCommon.jsm:620:13
applySafe@resource://gre/modules/ExtensionCommon.jsm:597:19
wrapPromise/<@resource://gre/modules/ExtensionCommon.jsm:827:22
]]
Extension error: SecurityError: Permission denied to access property "document" on cross-origin object undefined 153
[[Exception stack
activate@moz-extension://ed1d0046-5690-424b-988d-6558e841f0f0/inspect.js:153:9
setOptions@moz-extension://ed1d0046-5690-424b-988d-6558e841f0f0/inspect.js:61:12
Current stack
applySafeWithoutClone@resource://gre/modules/ExtensionCommon.jsm:620:13
applySafe@resource://gre/modules/ExtensionCommon.jsm:597:19
wrapPromise/<@resource://gre/modules/ExtensionCommon.jsm:827:22
]]
Extension error: SecurityError: Permission denied to access property "document" on cross-origin object undefined 153
[[Exception stack
activate@moz-extension://ed1d0046-5690-424b-988d-6558e841f0f0/inspect.js:153:9
setOptions@moz-extension://ed1d0046-5690-424b-988d-6558e841f0f0/inspect.js:61:12
Current stack
applySafeWithoutClone@resource://gre/modules/ExtensionCommon.jsm:620:13
applySafe@resource://gre/modules/ExtensionCommon.jsm:597:19
wrapPromise/<@resource://gre/modules/ExtensionCommon.jsm:827:22
]]
Extension error: SecurityError: Permission denied to access property "document" on cross-origin object undefined 153
[[Exception stack
activate@moz-extension://ed1d0046-5690-424b-988d-6558e841f0f0/inspect.js:153:9
setOptions@moz-extension://ed1d0046-5690-424b-988d-6558e841f0f0/inspect.js:61:12
Current stack
applySafeWithoutClone@resource://gre/modules/ExtensionCommon.jsm:620:13
applySafe@resource://gre/modules/ExtensionCommon.jsm:597:19
wrapPromise/<@resource://gre/modules/ExtensionCommon.jsm:827:22
]]
Extension error: SecurityError: Permission denied to access property "document" on cross-origin object undefined 153
[[Exception stack
activate@moz-extension://ed1d0046-5690-424b-988d-6558e841f0f0/inspect.js:153:9
setOptions@moz-extension://ed1d0046-5690-424b-988d-6558e841f0f0/inspect.js:61:12
Current stack
applySafeWithoutClone@resource://gre/modules/ExtensionCommon.jsm:620:13
applySafe@resource://gre/modules/ExtensionCommon.jsm:597:19
wrapPromise/<@resource://gre/modules/ExtensionCommon.jsm:827:22
]]
console.warn: "Error while detaching the worker target:" (new Error("wrongState from: server0.conn0.child2/workerTarget2529", "resource://devtools/shared/protocol/Front.js", 323))
IPDL protocol error: Handler returned error code!

###!!! [Parent][DispatchAsyncMessage] Error: PLayerTransaction::Msg_ReleaseLayer Processing error: message was deserialized, but the handler returned false (indicating failure)

IPDL protocol error: Handler returned error code!

###!!! [Parent][DispatchAsyncMessage] Error: PLayerTransaction::Msg_ReleaseLayer Processing error: message was deserialized, but the handler returned false (indicating failure)

IPDL protocol error: Handler returned error code!

###!!! [Parent][DispatchAsyncMessage] Error: PLayerTransaction::Msg_ReleaseLayer Processing error: message was deserialized, but the handler returned false (indicating failure)

1595614248556	Marionette	INFO	Stopped listening on port 52087

###!!! [Child][RunMessage] Error: Channel closing: too late to send/recv, messages will be lost


###!!! [Child][MessageChannel::SendAndWait] Error: Channel error: cannot send/recv

1595614255323	mozrunner::runner	INFO	Running command: "C:\\Program Files\\Mozilla Firefox\\firefox.exe" "-marionette" "-foreground" "-no-remote" "-profile" "C:\\Users\\arshl\\AppData\\Local\\Temp\\rust_mozprofileLfo43b"
JavaScript error: resource://gre/modules/XULStore.jsm, line 66: Error: Can't find profile directory.
1595614256736	Marionette	INFO	Listening on port 52806
1595614256867	Marionette	WARN	TLS certificate errors will be ignored for this session
console.error: "Store does not have a valid reducer. Make sure the argument passed to combineReducers is an object whose values are reducers."
IPDL protocol error: Handler returned error code!

###!!! [Parent][DispatchAsyncMessage] Error: PLayerTransaction::Msg_ReleaseLayer Processing error: message was deserialized, but the handler returned false (indicating failure)

IPDL protocol error: Handler returned error code!

###!!! [Parent][DispatchAsyncMessage] Error: PLayerTransaction::Msg_ReleaseLayer Processing error: message was deserialized, but the handler returned false (indicating failure)

IPDL protocol error: Handler returned error code!

###!!! [Parent][DispatchAsyncMessage] Error: PLayerTransaction::Msg_ReleaseLayer Processing error: message was deserialized, but the handler returned false (indicating failure)

1595633674529	Marionette	INFO	Stopped listening on port 52806

###!!! [Child][RunMessage] Error: Channel closing: too late to send/recv, messages will be lost


###!!! [Child][MessageChannel::SendAndWait] Error: Channel error: cannot send/recv

00520042855&sass_background-image-height=1080&sass_background-image-width=1920&sass_color-body=%230e1436&sass_color-body-middle=%23000000&sass_color-buttons=%23153b54&sass_color-community-header=%230d1b2d&sass_color-header=%23080f28&sass_color-links=%2370a8e0&sass_color-page=%230d1b2d&sass_oasisTypography=1&sass_page-opacity=77&sass_widthType=0&skin=oasis&version=1595596722020-20200724T130000Z&*, line 15: TypeError: AffiliateService.$infoBox is undefined
1595630612262	Marionette	INFO	Stopped listening on port 54724
JavaScript error: https://eus.rubiconproject.com/usync.html?&geo=na&co=us, line 12: SecurityError: The operation is insecure.
JavaScript error: https://eus.rubiconproject.com/usync.html?p=33across&endpoint=us-east&us_privacy=, line 12: SecurityError: The operation is insecure.
JavaScript error: https://eus.rubiconproject.com/usync.html?us_privacy=1---, line 12: SecurityError: The operation is insecure.
IPDL protocol error: Handler returned error code!

###!!! [Parent][DispatchAsyncMessage] Error: PLayerTransaction::Msg_ReleaseLayer Processing error: message was deserialized, but the handler returned false (indicating failure)


###!!! [Child][RunMessage] Error: Channel closing: too late to send/recv, messages will be lost


###!!! [Child][MessageChannel::SendAndWait] Error: Channel error: cannot send/recv

1595630842244	mozrunner::runner	INFO	Running command: "C:\\Program Files\\Mozilla Firefox\\firefox.exe" "-marionette" "-foreground" "-no-remote" "-profile" "C:\\Users\\arshl\\AppData\\Local\\Temp\\rust_mozprofileNvVELr"
JavaScript error: resource://gre/modules/XULStore.jsm, line 66: Error: Can't find profile directory.
1595630843533	Marionette	INFO	Listening on port 55041
1595630843772	Marionette	WARN	TLS certificate errors will be ignored for this session
JavaScript error: https://leagueoflegends.fandom.com/load.php?debug=false&lang=en&modules=ext.bannerNotifications%2CdesignSystem%2CuserLogin%7Cext.visualEditor.track%2Cve%7Cext.visualEditor.wikia.viewPageTarget.init%7Cext.wikia.AffiliateService%2CGoogleTagManager%2CTimeAgoMessaging%7Cmediawiki.language.data&sass_background-dynamic=false&sass_background-image=https%3A%2F%2Fvignette.wikia.nocookie.net%2Fleagueoflegends%2Fimages%2F5%2F50%2FWiki-background%2Frevision%2Flatest%3Fcb%3D20200520042855&sass_background-image-height=1080&sass_background-image-width=1920&sass_color-body=%230e1436&sass_color-body-middle=%23000000&sass_color-buttons=%23153b54&sass_color-community-header=%230d1b2d&sass_color-header=%23080f28&sass_color-links=%2370a8e0&sass_color-page=%230d1b2d&sass_oasisTypography=1&sass_page-opacity=77&sass_widthType=0&skin=oasis&version=1595596722020-20200724T130000Z&*, line 15: TypeError: AffiliateService.$infoBox is undefined
JavaScript error: , line 0: uncaught exception: Object
1595630850275	Marionette	INFO	Stopped listening on port 55041

###!!! [Child][MessageChannel::SendAndWait] Error: Channel error: cannot send/recv

1595807418829	mozrunner::runner	INFO	Running command: "C:\\Program Files\\Mozilla Firefox\\firefox.exe" "-marionette" "-foreground" "-no-remote" "-profile" "C:\\Users\\arshl\\AppData\\Local\\Temp\\rust_mozprofile5XNONL"
JavaScript error: resource://gre/modules/XULStore.jsm, line 66: Error: Can't find profile directory.
1595807420157	Marionette	INFO	Listening on port 56323
1595807420360	Marionette	WARN	TLS certificate errors will be ignored for this session
IPDL protocol error: Handler returned error code!

###!!! [Parent][DispatchAsyncMessage] Error: PLayerTransaction::Msg_ReleaseLayer Processing error: message was deserialized, but the handler returned false (indicating failure)

IPDL protocol error: Handler returned error code!

###!!! [Parent][DispatchAsyncMessage] Error: PLayerTransaction::Msg_ReleaseLayer Processing error: message was deserialized, but the handler returned false (indicating failure)

1595807755689	Marionette	INFO	Stopped listening on port 56323

###!!! [Child][RunMessage] Error: Channel closing: too late to send/recv, messages will be lost


###!!! [Child][MessageChannel::SendAndWait] Error: Channel error: cannot send/recv

1595807763723	mozrunner::runner	INFO	Running command: "C:\\Program Files\\Mozilla Firefox\\firefox.exe" "-marionette" "-foreground" "-no-remote" "-profile" "C:\\Users\\arshl\\AppData\\Local\\Temp\\rust_mozprofilezUVtZM"
JavaScript error: resource://gre/modules/XULStore.jsm, line 66: Error: Can't find profile directory.
1595807765021	Marionette	INFO	Listening on port 56476
1595807765243	Marionette	WARN	TLS certificate errors will be ignored for this session
IPDL protocol error: Handler returned error code!

###!!! [Parent][DispatchAsyncMessage] Error: PLayerTransaction::Msg_ReleaseLayer Processing error: message was deserialized, but the handler returned false (indicating failure)

IPDL protocol error: Handler returned error code!

###!!! [Parent][DispatchAsyncMessage] Error: PLayerTransaction::Msg_ReleaseLayer Processing error: message was deserialized, but the handler returned false (indicating failure)

1595807942516	Marionette	INFO	Stopped listening on port 56476

###!!! [Child][RunMessage] Error: Channel closing: too late to send/recv, messages will be lost


###!!! [Child][MessageChannel::SendAndWait] Error: Channel error: cannot send/recv

1595807948580	mozrunner::runner	INFO	Running command: "C:\\Program Files\\Mozilla Firefox\\firefox.exe" "-marionette" "-foreground" "-no-remote" "-profile" "C:\\Users\\arshl\\AppData\\Local\\Temp\\rust_mozprofileqmdzsI"
JavaScript error: resource://gre/modules/XULStore.jsm, line 66: Error: Can't find profile directory.
1595807949882	Marionette	INFO	Listening on port 56618
1595807950109	Marionette	WARN	TLS certificate errors will be ignored for this session
IPDL protocol error: Handler returned error code!

###!!! [Parent][DispatchAsyncMessage] Error: PLayerTransaction::Msg_ReleaseLayer Processing error: message was deserialized, but the handler returned false (indicating failure)

IPDL protocol error: Handler returned error code!

###!!! [Parent][DispatchAsyncMessage] Error: PLayerTransaction::Msg_ReleaseLayer Processing error: message was deserialized, but the handler returned false (indicating failure)

1595808312514	Marionette	INFO	Stopped listening on port 56618

###!!! [Child][RunMessage] Error: Channel closing: too late to send/recv, messages will be lost


###!!! [Child][MessageChannel::SendAndWait] Error: Channel error: cannot send/recv

1595808319207	mozrunner::runner	INFO	Running command: "C:\\Program Files\\Mozilla Firefox\\firefox.exe" "-marionette" "-foreground" "-no-remote" "-profile" "C:\\Users\\arshl\\AppData\\Local\\Temp\\rust_mozprofileyp1bDz"
JavaScript error: resource://gre/modules/XULStore.jsm, line 66: Error: Can't find profile directory.
1595808320532	Marionette	INFO	Listening on port 56795
1595808320735	Marionette	WARN	TLS certificate errors will be ignored for this session
1595808973416	Marionette	INFO	Stopped listening on port 56795

###!!! [Child][RunMessage] Error: Channel closing: too late to send/recv, messages will be lost


###!!! [Child][MessageChannel::SendAndWait] Error: Channel error: cannot send/recv

1595809117665	mozrunner::runner	INFO	Running command: "C:\\Program Files\\Mozilla Firefox\\firefox.exe" "-marionette" "-foreground" "-no-remote" "-profile" "C:\\Users\\arshl\\AppData\\Local\\Temp\\rust_mozprofileo2iLv1"
JavaScript error: resource://gre/modules/XULStore.jsm, line 66: Error: Can't find profile directory.
1595809118986	Marionette	INFO	Listening on port 57106
1595809119185	Marionette	WARN	TLS certificate errors will be ignored for this session
IPDL protocol error: Handler returned error code!

###!!! [Parent][DispatchAsyncMessage] Error: PLayerTransaction::Msg_ReleaseLayer Processing error: message was deserialized, but the handler returned false (indicating failure)

IPDL protocol error: Handler returned error code!

###!!! [Parent][DispatchAsyncMessage] Error: PLayerTransaction::Msg_ReleaseLayer Processing error: message was deserialized, but the handler returned false (indicating failure)
JavaScript warning: https://u.gg/lol/profile/na1/erythro25/champion-stats?queueType=normal_aram, line 35: unreachable code after return statement
JavaScript warning: https://u.gg/lol/profile/na1/erythro25/champion-stats?queueType=normal_aram line 2 > scriptElement, line 35: unreachable code after return statement
IPDL protocol error: Handler returned error code!

###!!! [Parent][DispatchAsyncMessage] Error: PLayerTransaction::Msg_ReleaseLayer Processing error: message was deserialized, but the handler returned false (indicating failure)

IPDL protocol error: Handler returned error code!

###!!! [Parent][DispatchAsyncMessage] Error: PLayerTransaction::Msg_ReleaseLayer Processing error: message was deserialized, but the handler returned false (indicating failure)

IPDL protocol error: Handler returned error code!

###!!! [Parent][DispatchAsyncMessage] Error: PLayerTransaction::Msg_ReleaseLayer Processing error: message was deserialized, but the handler returned false (indicating failure)

1595809226985	Marionette	INFO	Stopped listening on port 57258

###!!! [Child][RunMessage] Error: Channel closing: too late to send/recv, messages will be lost


###!!! [Child][MessageChannel::SendAndWait] Error: Channel error: cannot send/recv

1595809231378	mozrunner::runner	INFO	Running command: "C:\\Program Files\\Mozilla Firefox\\firefox.exe" "-marionette" "-foreground" "-no-remote" "-profile" "C:\\Users\\arshl\\AppData\\Local\\Temp\\rust_mozprofileP0t97b"
JavaScript error: resource://gre/modules/XULStore.jsm, line 66: Error: Can't find profile directory.
1595809232621	Marionette	INFO	Listening on port 57455
1595809232907	Marionette	WARN	TLS certificate errors will be ignored for this session
IPDL protocol error: Handler returned error code!

###!!! [Parent][DispatchAsyncMessage] Error: PLayerTransaction::Msg_ReleaseLayer Processing error: message was deserialized, but the handler returned false (indicating failure)

IPDL protocol error: Handler returned error code!

###!!! [Parent][DispatchAsyncMessage] Error: PLayerTransaction::Msg_ReleaseLayer Processing error: message was deserialized, but the handler returned false (indicating failure)

IPDL protocol error: Handler returned error code!

###!!! [Parent][DispatchAsyncMessage] Error: PLayerTransaction::Msg_ReleaseLayer Processing error: message was deserialized, but the handler returned false (indicating failure)


###!!! [Child][RunMessage] Error: Channel closing: too late to send/recv, messages will be lost


###!!! [Child][RunMessage] Error: Channel closing: too late to send/recv, messages will be lost


###!!! [Child][RunMessage] Error: Channel closing: too late to send/recv, messages will be lost

1595809277198	Marionette	INFO	Stopped listening on port 57455

###!!! [Child][RunMessage] Error: Channel closing: too late to send/recv, messages will be lost


###!!! [Child][MessageChannel::SendAndWait] Error: Channel error: cannot send/recv

1595809281057	mozrunner::runner	INFO	Running command: "C:\\Program Files\\Mozilla Firefox\\firefox.exe" "-marionette" "-foreground" "-no-remote" "-profile" "C:\\Users\\arshl\\AppData\\Local\\Temp\\rust_mozprofileJLN7wY"
JavaScript error: resource://gre/modules/XULStore.jsm, line 66: Error: Can't find profile directory.
1595809284030	Marionette	INFO	Listening on port 57623
1595809284435	Marionette	WARN	TLS certificate errors will be ignored for this session
1595809488884	Marionette	INFO	Stopped listening on port 57623

###!!! [Child][RunMessage] Error: Channel closing: too late to send/recv, messages will be lost


###!!! [Child][MessageChannel::SendAndWait] Error: Channel error: cannot send/recv

1595872490976	mozrunner::runner	INFO	Running command: "C:\\Program Files\\Mozilla Firefox\\firefox.exe" "-marionette" "-foreground" "-no-remote" "-profile" "C:\\Users\\arshl\\AppData\\Local\\Temp\\rust_mozprofiley9wzMa"
JavaScript error: resource://gre/modules/XULStore.jsm, line 66: Error: Can't find profile directory.
1595872492584	Marionette	INFO	Listening on port 53538
1595872493034	Marionette	WARN	TLS certificate errors will be ignored for this session
1595872505819	Marionette	INFO	Stopped listening on port 53538
IPDL protocol error: Handler returned error code!

###!!! [Parent][DispatchAsyncMessage] Error: PLayerTransaction::Msg_ReleaseLayer Processing error: message was deserialized, but the handler returned false (indicating failure)

IPDL protocol error: Handler returned error code!

###!!! [Parent][DispatchAsyncMessage] Error: PLayerTransaction::Msg_ReleaseLayer Processing error: message was deserialized, but the handler returned false (indicating failure)

IPDL protocol error: Handler returned error code!

###!!! [Parent][DispatchAsyncMessage] Error: PLayerTransaction::Msg_ReleaseLayer Processing error: message was deserialized, but the handler returned false (indicating failure)


###!!! [Child][RunMessage] Error: Channel closing: too late to send/recv, messages will be lost


###!!! [Child][MessageChannel::SendAndWait] Error: Channel error: cannot send/recv

